<?xml version="1.0" encoding="UTF-8"?>
<!-- Generated by org.testng.reporters.JUnitXMLReporter -->
<testsuite ignored="0" hostname="TEJA" failures="0" tests="3" name="Total_Scenarios" time="41.772" errors="0" timestamp="2024-05-29T11:51:05 IST">
  <testcase classname="LambdaTest.TestScenario_1" name="Scenario_1" time="2.078"/>
  <testcase classname="LambdaTest.TestScenario_2" name="Scenario_2" time="6.914"/>
  <testcase classname="LambdaTest.TestScenario_3" name="Scenario_3" time="27.726"/>
</testsuite> <!-- Total_Scenarios -->
